<?xml version="1.0" encoding="UTF-8"?>
<testng-results skipped="0" failed="0" total="2" passed="2">
  <reporter-output>
  </reporter-output>
  <suite name="Veridoc Suite" duration-ms="10161" started-at="2018-03-14T06:57:04Z" finished-at="2018-03-14T06:57:14Z">
    <groups>
    </groups>
    <test name="suite" duration-ms="10161" started-at="2018-03-14T06:57:04Z" finished-at="2018-03-14T06:57:14Z">
      <class name="mypackage.masterclass">
        <test-method status="PASS" signature="setup()[pri:0, instance:mypackage.masterclass@d2cc05a]" name="setup" is-config="true" duration-ms="1220" started-at="2018-03-14T12:27:02Z" finished-at="2018-03-14T12:27:04Z">
          <reporter-output>
          </reporter-output>
        </test-method> <!-- setup -->
      </class> <!-- mypackage.masterclass -->
      <class name="mypackage.TestNG">
        <test-method status="PASS" signature="setup()[pri:0, instance:mypackage.TestNG@4f933fd1]" name="setup" is-config="true" duration-ms="8742" started-at="2018-03-14T12:27:04Z" finished-at="2018-03-14T12:27:12Z">
          <reporter-output>
          </reporter-output>
        </test-method> <!-- setup -->
        <test-method status="PASS" signature="A()[pri:0, instance:mypackage.TestNG@4f933fd1]" name="A" duration-ms="810" started-at="2018-03-14T12:27:12Z" finished-at="2018-03-14T12:27:13Z">
          <reporter-output>
          </reporter-output>
        </test-method> <!-- A -->
        <test-method status="PASS" signature="afterMethod()[pri:0, instance:mypackage.TestNG@4f933fd1]" name="afterMethod" is-config="true" duration-ms="4" started-at="2018-03-14T12:27:13Z" finished-at="2018-03-14T12:27:13Z">
          <reporter-output>
          </reporter-output>
        </test-method> <!-- afterMethod -->
        <test-method status="PASS" signature="B()[pri:0, instance:mypackage.TestNG@4f933fd1]" name="B" duration-ms="562" started-at="2018-03-14T12:27:13Z" depends-on-methods="mypackage.TestNG.A" finished-at="2018-03-14T12:27:14Z">
          <reporter-output>
          </reporter-output>
        </test-method> <!-- B -->
        <test-method status="PASS" signature="afterMethod()[pri:0, instance:mypackage.TestNG@4f933fd1]" name="afterMethod" is-config="true" duration-ms="1" started-at="2018-03-14T12:27:14Z" finished-at="2018-03-14T12:27:14Z">
          <reporter-output>
          </reporter-output>
        </test-method> <!-- afterMethod -->
      </class> <!-- mypackage.TestNG -->
    </test> <!-- suite -->
  </suite> <!-- Veridoc Suite -->
</testng-results>
